This file contains any messages produced by compilers while
running configure, to aid debugging if configure makes a mistake.

It was created by Arm_Simulator configure 1.4, which was
generated by GNU Autoconf 2.69.  Invocation command line was

  $ ./configure CFLAG=-Wall -Werror -g

## --------- ##
## Platform. ##
## --------- ##

hostname = sevaarrinera
uname -m = x86_64
uname -r = 4.19.0-12-amd64
uname -s = Linux
uname -v = #1 SMP Debian 4.19.152-1 (2020-10-18)

/usr/bin/uname -p = unknown
/bin/uname -X     = unknown

/bin/arch              = x86_64
/usr/bin/arch -k       = unknown
/usr/convex/getsysinfo = unknown
/usr/bin/hostinfo      = unknown
/bin/machine           = unknown
/usr/bin/oslevel       = unknown
/bin/universe          = unknown

PATH: /usr/local/bin
PATH: /usr/bin
PATH: /bin
PATH: /usr/local/games
PATH: /usr/games


## ----------- ##
## Core tests. ##
## ----------- ##

configure:2406: checking for a BSD-compatible install
configure:2474: result: /usr/bin/install -c
configure:2485: checking whether build environment is sane
configure:2540: result: yes
configure:2689: checking for a thread-safe mkdir -p
configure:2728: result: /usr/bin/mkdir -p
configure:2735: checking for gawk
configure:2751: found /usr/bin/gawk
configure:2762: result: gawk
configure:2773: checking whether make sets $(MAKE)
configure:2795: result: yes
configure:2824: checking whether make supports nested variables
configure:2841: result: yes
configure:3020: checking for gcc
configure:3036: found /usr/bin/gcc
configure:3047: result: gcc
configure:3276: checking for C compiler version
configure:3285: gcc --version >&5
gcc (Debian 8.3.0-6) 8.3.0
Copyright (C) 2018 Free Software Foundation, Inc.
This is free software; see the source for copying conditions.  There is NO
warranty; not even for MERCHANTABILITY or FITNESS FOR A PARTICULAR PURPOSE.

configure:3296: $? = 0
configure:3285: gcc -v >&5
Using built-in specs.
COLLECT_GCC=gcc
COLLECT_LTO_WRAPPER=/usr/lib/gcc/x86_64-linux-gnu/8/lto-wrapper
OFFLOAD_TARGET_NAMES=nvptx-none
OFFLOAD_TARGET_DEFAULT=1
Target: x86_64-linux-gnu
Configured with: ../src/configure -v --with-pkgversion='Debian 8.3.0-6' --with-bugurl=file:///usr/share/doc/gcc-8/README.Bugs --enable-languages=c,ada,c++,go,brig,d,fortran,objc,obj-c++ --prefix=/usr --with-gcc-major-version-only --program-suffix=-8 --program-prefix=x86_64-linux-gnu- --enable-shared --enable-linker-build-id --libexecdir=/usr/lib --without-included-gettext --enable-threads=posix --libdir=/usr/lib --enable-nls --enable-bootstrap --enable-clocale=gnu --enable-libstdcxx-debug --enable-libstdcxx-time=yes --with-default-libstdcxx-abi=new --enable-gnu-unique-object --disable-vtable-verify --enable-libmpx --enable-plugin --enable-default-pie --with-system-zlib --with-target-system-zlib --enable-objc-gc=auto --enable-multiarch --disable-werror --with-arch-32=i686 --with-abi=m64 --with-multilib-list=m32,m64,mx32 --enable-multilib --with-tune=generic --enable-offload-targets=nvptx-none --without-cuda-driver --enable-checking=release --build=x86_64-linux-gnu --host=x86_64-linux-gnu --target=x86_64-linux-gnu
Thread model: posix
gcc version 8.3.0 (Debian 8.3.0-6) 
configure:3296: $? = 0
configure:3285: gcc -V >&5
gcc: error: unrecognized command line option '-V'
gcc: fatal error: no input files
compilation terminated.
configure:3296: $? = 1
configure:3285: gcc -qversion >&5
gcc: error: unrecognized command line option '-qversion'; did you mean '--version'?
gcc: fatal error: no input files
compilation terminated.
configure:3296: $? = 1
configure:3316: checking whether the C compiler works
configure:3338: gcc    conftest.c  >&5
configure:3342: $? = 0
configure:3390: result: yes
configure:3393: checking for C compiler default output file name
configure:3395: result: a.out
configure:3401: checking for suffix of executables
configure:3408: gcc -o conftest    conftest.c  >&5
configure:3412: $? = 0
configure:3434: result: 
configure:3456: checking whether we are cross compiling
configure:3464: gcc -o conftest    conftest.c  >&5
configure:3468: $? = 0
configure:3475: ./conftest
configure:3479: $? = 0
configure:3467: result: no
configure:3472: checking for suffix of object files
configure:3494: gcc -c   conftest.c >&5
configure:3498: $? = 0
configure:3519: result: o
configure:3523: checking whether we are using the GNU C compiler
configure:3542: gcc -c   conftest.c >&5
configure:3542: $? = 0
configure:3551: result: yes
configure:3560: checking whether gcc accepts -g
configure:3580: gcc -c -g  conftest.c >&5
configure:3580: $? = 0
configure:3621: result: yes
configure:3638: checking for gcc option to accept ISO C89
configure:3701: gcc  -c -g -O2  conftest.c >&5
configure:3701: $? = 0
configure:3714: result: none needed
configure:3739: checking whether gcc understands -c and -o together
configure:3761: gcc -c conftest.c -o conftest2.o
configure:3764: $? = 0
configure:3761: gcc -c conftest.c -o conftest2.o
configure:3764: $? = 0
configure:3776: result: yes
configure:3796: checking whether make supports the include directive
configure:3811: make -f confmf.GNU && cat confinc.out
this is the am__doit target
configure:3814: $? = 0
configure:3833: result: yes (GNU style)
configure:3858: checking dependency style of gcc
configure:3969: result: gcc3
configure:3993: checking dependency style of gcc
configure:4102: result: gcc3
configure:4123: checking for flex
configure:4153: result: no
configure:4123: checking for lex
configure:4153: result: no
configure:4290: checking how to run the C preprocessor
configure:4321: gcc -E  conftest.c
configure:4321: $? = 0
configure:4335: gcc -E  conftest.c
conftest.c:11:10: fatal error: ac_nonexistent.h: No such file or directory
 #include <ac_nonexistent.h>
          ^~~~~~~~~~~~~~~~~~
compilation terminated.
configure:4335: $? = 1
configure: failed program was:
| /* confdefs.h */
| #define PACKAGE_NAME "Arm_Simulator"
| #define PACKAGE_TARNAME "arm_simulator"
| #define PACKAGE_VERSION "1.4"
| #define PACKAGE_STRING "Arm_Simulator 1.4"
| #define PACKAGE_BUGREPORT "Guillaume.Huard@imag.fr"
| #define PACKAGE_URL ""
| #define PACKAGE "arm_simulator"
| #define VERSION "1.4"
| /* end confdefs.h.  */
| #include <ac_nonexistent.h>
configure:4360: result: gcc -E
configure:4380: gcc -E  conftest.c
configure:4380: $? = 0
configure:4394: gcc -E  conftest.c
conftest.c:11:10: fatal error: ac_nonexistent.h: No such file or directory
 #include <ac_nonexistent.h>
          ^~~~~~~~~~~~~~~~~~
compilation terminated.
configure:4394: $? = 1
configure: failed program was:
| /* confdefs.h */
| #define PACKAGE_NAME "Arm_Simulator"
| #define PACKAGE_TARNAME "arm_simulator"
| #define PACKAGE_VERSION "1.4"
| #define PACKAGE_STRING "Arm_Simulator 1.4"
| #define PACKAGE_BUGREPORT "Guillaume.Huard@imag.fr"
| #define PACKAGE_URL ""
| #define PACKAGE "arm_simulator"
| #define VERSION "1.4"
| /* end confdefs.h.  */
| #include <ac_nonexistent.h>
configure:4423: checking for grep that handles long lines and -e
configure:4481: result: /usr/bin/grep
configure:4486: checking for egrep
configure:4548: result: /usr/bin/grep -E
configure:4553: checking for ANSI C header files
configure:4573: gcc -c -g -O2  conftest.c >&5
configure:4573: $? = 0
configure:4646: gcc -o conftest -g -O2   conftest.c  >&5
configure:4646: $? = 0
configure:4646: ./conftest
configure:4646: $? = 0
configure:4657: result: yes
configure:4665: checking for sys/wait.h that is POSIX.1 compatible
configure:4691: gcc -c -g -O2  conftest.c >&5
configure:4691: $? = 0
configure:4698: result: yes
configure:4711: checking for sys/types.h
configure:4711: gcc -c -g -O2  conftest.c >&5
configure:4711: $? = 0
configure:4711: result: yes
configure:4711: checking for sys/stat.h
configure:4711: gcc -c -g -O2  conftest.c >&5
configure:4711: $? = 0
configure:4711: result: yes
configure:4711: checking for stdlib.h
configure:4711: gcc -c -g -O2  conftest.c >&5
configure:4711: $? = 0
configure:4711: result: yes
configure:4711: checking for string.h
configure:4711: gcc -c -g -O2  conftest.c >&5
configure:4711: $? = 0
configure:4711: result: yes
configure:4711: checking for memory.h
configure:4711: gcc -c -g -O2  conftest.c >&5
configure:4711: $? = 0
configure:4711: result: yes
configure:4711: checking for strings.h
configure:4711: gcc -c -g -O2  conftest.c >&5
configure:4711: $? = 0
configure:4711: result: yes
configure:4711: checking for inttypes.h
configure:4711: gcc -c -g -O2  conftest.c >&5
configure:4711: $? = 0
configure:4711: result: yes
configure:4711: checking for stdint.h
configure:4711: gcc -c -g -O2  conftest.c >&5
configure:4711: $? = 0
configure:4711: result: yes
configure:4711: checking for unistd.h
configure:4711: gcc -c -g -O2  conftest.c >&5
configure:4711: $? = 0
configure:4711: result: yes
configure:4726: checking arpa/inet.h usability
configure:4726: gcc -c -g -O2  conftest.c >&5
configure:4726: $? = 0
configure:4726: result: yes
configure:4726: checking arpa/inet.h presence
configure:4726: gcc -E  conftest.c
configure:4726: $? = 0
configure:4726: result: yes
configure:4726: checking for arpa/inet.h
configure:4726: result: yes
configure:4726: checking fcntl.h usability
configure:4726: gcc -c -g -O2  conftest.c >&5
configure:4726: $? = 0
configure:4726: result: yes
configure:4726: checking fcntl.h presence
configure:4726: gcc -E  conftest.c
configure:4726: $? = 0
configure:4726: result: yes
configure:4726: checking for fcntl.h
configure:4726: result: yes
configure:4726: checking for inttypes.h
configure:4726: result: yes
configure:4726: checking netdb.h usability
configure:4726: gcc -c -g -O2  conftest.c >&5
configure:4726: $? = 0
configure:4726: result: yes
configure:4726: checking netdb.h presence
configure:4726: gcc -E  conftest.c
configure:4726: $? = 0
configure:4726: result: yes
configure:4726: checking for netdb.h
configure:4726: result: yes
configure:4726: checking netinet/in.h usability
configure:4726: gcc -c -g -O2  conftest.c >&5
configure:4726: $? = 0
configure:4726: result: yes
configure:4726: checking netinet/in.h presence
configure:4726: gcc -E  conftest.c
configure:4726: $? = 0
configure:4726: result: yes
configure:4726: checking for netinet/in.h
configure:4726: result: yes
configure:4726: checking for stdlib.h
configure:4726: result: yes
configure:4726: checking for string.h
configure:4726: result: yes
configure:4726: checking for strings.h
configure:4726: result: yes
configure:4726: checking sys/socket.h usability
configure:4726: gcc -c -g -O2  conftest.c >&5
configure:4726: $? = 0
configure:4726: result: yes
configure:4726: checking sys/socket.h presence
configure:4726: gcc -E  conftest.c
configure:4726: $? = 0
configure:4726: result: yes
configure:4726: checking for sys/socket.h
configure:4726: result: yes
configure:4726: checking sys/time.h usability
configure:4726: gcc -c -g -O2  conftest.c >&5
configure:4726: $? = 0
configure:4726: result: yes
configure:4726: checking sys/time.h presence
configure:4726: gcc -E  conftest.c
configure:4726: $? = 0
configure:4726: result: yes
configure:4726: checking for sys/time.h
configure:4726: result: yes
configure:4726: checking for unistd.h
configure:4726: result: yes
configure:4738: checking for an ANSI C-conforming const
configure:4804: gcc -c -g -O2  conftest.c >&5
configure:4804: $? = 0
configure:4811: result: yes
configure:4819: checking for mode_t
configure:4819: gcc -c -g -O2  conftest.c >&5
configure:4819: $? = 0
configure:4819: gcc -c -g -O2  conftest.c >&5
conftest.c: In function 'main':
conftest.c:69:21: error: expected expression before ')' token
 if (sizeof ((mode_t)))
                     ^
configure:4819: $? = 1
configure: failed program was:
| /* confdefs.h */
| #define PACKAGE_NAME "Arm_Simulator"
| #define PACKAGE_TARNAME "arm_simulator"
| #define PACKAGE_VERSION "1.4"
| #define PACKAGE_STRING "Arm_Simulator 1.4"
| #define PACKAGE_BUGREPORT "Guillaume.Huard@imag.fr"
| #define PACKAGE_URL ""
| #define PACKAGE "arm_simulator"
| #define VERSION "1.4"
| #define STDC_HEADERS 1
| #define HAVE_SYS_WAIT_H 1
| #define HAVE_SYS_TYPES_H 1
| #define HAVE_SYS_STAT_H 1
| #define HAVE_STDLIB_H 1
| #define HAVE_STRING_H 1
| #define HAVE_MEMORY_H 1
| #define HAVE_STRINGS_H 1
| #define HAVE_INTTYPES_H 1
| #define HAVE_STDINT_H 1
| #define HAVE_UNISTD_H 1
| #define HAVE_ARPA_INET_H 1
| #define HAVE_FCNTL_H 1
| #define HAVE_INTTYPES_H 1
| #define HAVE_NETDB_H 1
| #define HAVE_NETINET_IN_H 1
| #define HAVE_STDLIB_H 1
| #define HAVE_STRING_H 1
| #define HAVE_STRINGS_H 1
| #define HAVE_SYS_SOCKET_H 1
| #define HAVE_SYS_TIME_H 1
| #define HAVE_UNISTD_H 1
| /* end confdefs.h.  */
| #include <stdio.h>
| #ifdef HAVE_SYS_TYPES_H
| # include <sys/types.h>
| #endif
| #ifdef HAVE_SYS_STAT_H
| # include <sys/stat.h>
| #endif
| #ifdef STDC_HEADERS
| # include <stdlib.h>
| # include <stddef.h>
| #else
| # ifdef HAVE_STDLIB_H
| #  include <stdlib.h>
| # endif
| #endif
| #ifdef HAVE_STRING_H
| # if !defined STDC_HEADERS && defined HAVE_MEMORY_H
| #  include <memory.h>
| # endif
| # include <string.h>
| #endif
| #ifdef HAVE_STRINGS_H
| # include <strings.h>
| #endif
| #ifdef HAVE_INTTYPES_H
| # include <inttypes.h>
| #endif
| #ifdef HAVE_STDINT_H
| # include <stdint.h>
| #endif
| #ifdef HAVE_UNISTD_H
| # include <unistd.h>
| #endif
| int
| main ()
| {
| if (sizeof ((mode_t)))
| 	    return 0;
|   ;
|   return 0;
| }
configure:4819: result: yes
configure:4830: checking for off_t
configure:4830: gcc -c -g -O2  conftest.c >&5
configure:4830: $? = 0
configure:4830: gcc -c -g -O2  conftest.c >&5
conftest.c: In function 'main':
conftest.c:69:20: error: expected expression before ')' token
 if (sizeof ((off_t)))
                    ^
configure:4830: $? = 1
configure: failed program was:
| /* confdefs.h */
| #define PACKAGE_NAME "Arm_Simulator"
| #define PACKAGE_TARNAME "arm_simulator"
| #define PACKAGE_VERSION "1.4"
| #define PACKAGE_STRING "Arm_Simulator 1.4"
| #define PACKAGE_BUGREPORT "Guillaume.Huard@imag.fr"
| #define PACKAGE_URL ""
| #define PACKAGE "arm_simulator"
| #define VERSION "1.4"
| #define STDC_HEADERS 1
| #define HAVE_SYS_WAIT_H 1
| #define HAVE_SYS_TYPES_H 1
| #define HAVE_SYS_STAT_H 1
| #define HAVE_STDLIB_H 1
| #define HAVE_STRING_H 1
| #define HAVE_MEMORY_H 1
| #define HAVE_STRINGS_H 1
| #define HAVE_INTTYPES_H 1
| #define HAVE_STDINT_H 1
| #define HAVE_UNISTD_H 1
| #define HAVE_ARPA_INET_H 1
| #define HAVE_FCNTL_H 1
| #define HAVE_INTTYPES_H 1
| #define HAVE_NETDB_H 1
| #define HAVE_NETINET_IN_H 1
| #define HAVE_STDLIB_H 1
| #define HAVE_STRING_H 1
| #define HAVE_STRINGS_H 1
| #define HAVE_SYS_SOCKET_H 1
| #define HAVE_SYS_TIME_H 1
| #define HAVE_UNISTD_H 1
| /* end confdefs.h.  */
| #include <stdio.h>
| #ifdef HAVE_SYS_TYPES_H
| # include <sys/types.h>
| #endif
| #ifdef HAVE_SYS_STAT_H
| # include <sys/stat.h>
| #endif
| #ifdef STDC_HEADERS
| # include <stdlib.h>
| # include <stddef.h>
| #else
| # ifdef HAVE_STDLIB_H
| #  include <stdlib.h>
| # endif
| #endif
| #ifdef HAVE_STRING_H
| # if !defined STDC_HEADERS && defined HAVE_MEMORY_H
| #  include <memory.h>
| # endif
| # include <string.h>
| #endif
| #ifdef HAVE_STRINGS_H
| # include <strings.h>
| #endif
| #ifdef HAVE_INTTYPES_H
| # include <inttypes.h>
| #endif
| #ifdef HAVE_STDINT_H
| # include <stdint.h>
| #endif
| #ifdef HAVE_UNISTD_H
| # include <unistd.h>
| #endif
| int
| main ()
| {
| if (sizeof ((off_t)))
| 	    return 0;
|   ;
|   return 0;
| }
configure:4830: result: yes
configure:4841: checking for pid_t
configure:4841: gcc -c -g -O2  conftest.c >&5
configure:4841: $? = 0
configure:4841: gcc -c -g -O2  conftest.c >&5
conftest.c: In function 'main':
conftest.c:69:20: error: expected expression before ')' token
 if (sizeof ((pid_t)))
                    ^
configure:4841: $? = 1
configure: failed program was:
| /* confdefs.h */
| #define PACKAGE_NAME "Arm_Simulator"
| #define PACKAGE_TARNAME "arm_simulator"
| #define PACKAGE_VERSION "1.4"
| #define PACKAGE_STRING "Arm_Simulator 1.4"
| #define PACKAGE_BUGREPORT "Guillaume.Huard@imag.fr"
| #define PACKAGE_URL ""
| #define PACKAGE "arm_simulator"
| #define VERSION "1.4"
| #define STDC_HEADERS 1
| #define HAVE_SYS_WAIT_H 1
| #define HAVE_SYS_TYPES_H 1
| #define HAVE_SYS_STAT_H 1
| #define HAVE_STDLIB_H 1
| #define HAVE_STRING_H 1
| #define HAVE_MEMORY_H 1
| #define HAVE_STRINGS_H 1
| #define HAVE_INTTYPES_H 1
| #define HAVE_STDINT_H 1
| #define HAVE_UNISTD_H 1
| #define HAVE_ARPA_INET_H 1
| #define HAVE_FCNTL_H 1
| #define HAVE_INTTYPES_H 1
| #define HAVE_NETDB_H 1
| #define HAVE_NETINET_IN_H 1
| #define HAVE_STDLIB_H 1
| #define HAVE_STRING_H 1
| #define HAVE_STRINGS_H 1
| #define HAVE_SYS_SOCKET_H 1
| #define HAVE_SYS_TIME_H 1
| #define HAVE_UNISTD_H 1
| /* end confdefs.h.  */
| #include <stdio.h>
| #ifdef HAVE_SYS_TYPES_H
| # include <sys/types.h>
| #endif
| #ifdef HAVE_SYS_STAT_H
| # include <sys/stat.h>
| #endif
| #ifdef STDC_HEADERS
| # include <stdlib.h>
| # include <stddef.h>
| #else
| # ifdef HAVE_STDLIB_H
| #  include <stdlib.h>
| # endif
| #endif
| #ifdef HAVE_STRING_H
| # if !defined STDC_HEADERS && defined HAVE_MEMORY_H
| #  include <memory.h>
| # endif
| # include <string.h>
| #endif
| #ifdef HAVE_STRINGS_H
| # include <strings.h>
| #endif
| #ifdef HAVE_INTTYPES_H
| # include <inttypes.h>
| #endif
| #ifdef HAVE_STDINT_H
| # include <stdint.h>
| #endif
| #ifdef HAVE_UNISTD_H
| # include <unistd.h>
| #endif
| int
| main ()
| {
| if (sizeof ((pid_t)))
| 	    return 0;
|   ;
|   return 0;
| }
configure:4841: result: yes
configure:4852: checking for size_t
configure:4852: gcc -c -g -O2  conftest.c >&5
configure:4852: $? = 0
configure:4852: gcc -c -g -O2  conftest.c >&5
conftest.c: In function 'main':
conftest.c:69:21: error: expected expression before ')' token
 if (sizeof ((size_t)))
                     ^
configure:4852: $? = 1
configure: failed program was:
| /* confdefs.h */
| #define PACKAGE_NAME "Arm_Simulator"
| #define PACKAGE_TARNAME "arm_simulator"
| #define PACKAGE_VERSION "1.4"
| #define PACKAGE_STRING "Arm_Simulator 1.4"
| #define PACKAGE_BUGREPORT "Guillaume.Huard@imag.fr"
| #define PACKAGE_URL ""
| #define PACKAGE "arm_simulator"
| #define VERSION "1.4"
| #define STDC_HEADERS 1
| #define HAVE_SYS_WAIT_H 1
| #define HAVE_SYS_TYPES_H 1
| #define HAVE_SYS_STAT_H 1
| #define HAVE_STDLIB_H 1
| #define HAVE_STRING_H 1
| #define HAVE_MEMORY_H 1
| #define HAVE_STRINGS_H 1
| #define HAVE_INTTYPES_H 1
| #define HAVE_STDINT_H 1
| #define HAVE_UNISTD_H 1
| #define HAVE_ARPA_INET_H 1
| #define HAVE_FCNTL_H 1
| #define HAVE_INTTYPES_H 1
| #define HAVE_NETDB_H 1
| #define HAVE_NETINET_IN_H 1
| #define HAVE_STDLIB_H 1
| #define HAVE_STRING_H 1
| #define HAVE_STRINGS_H 1
| #define HAVE_SYS_SOCKET_H 1
| #define HAVE_SYS_TIME_H 1
| #define HAVE_UNISTD_H 1
| /* end confdefs.h.  */
| #include <stdio.h>
| #ifdef HAVE_SYS_TYPES_H
| # include <sys/types.h>
| #endif
| #ifdef HAVE_SYS_STAT_H
| # include <sys/stat.h>
| #endif
| #ifdef STDC_HEADERS
| # include <stdlib.h>
| # include <stddef.h>
| #else
| # ifdef HAVE_STDLIB_H
| #  include <stdlib.h>
| # endif
| #endif
| #ifdef HAVE_STRING_H
| # if !defined STDC_HEADERS && defined HAVE_MEMORY_H
| #  include <memory.h>
| # endif
| # include <string.h>
| #endif
| #ifdef HAVE_STRINGS_H
| # include <strings.h>
| #endif
| #ifdef HAVE_INTTYPES_H
| # include <inttypes.h>
| #endif
| #ifdef HAVE_STDINT_H
| # include <stdint.h>
| #endif
| #ifdef HAVE_UNISTD_H
| # include <unistd.h>
| #endif
| int
| main ()
| {
| if (sizeof ((size_t)))
| 	    return 0;
|   ;
|   return 0;
| }
configure:4852: result: yes
configure:4863: checking for ssize_t
configure:4863: gcc -c -g -O2  conftest.c >&5
configure:4863: $? = 0
configure:4863: gcc -c -g -O2  conftest.c >&5
conftest.c: In function 'main':
conftest.c:69:22: error: expected expression before ')' token
 if (sizeof ((ssize_t)))
                      ^
configure:4863: $? = 1
configure: failed program was:
| /* confdefs.h */
| #define PACKAGE_NAME "Arm_Simulator"
| #define PACKAGE_TARNAME "arm_simulator"
| #define PACKAGE_VERSION "1.4"
| #define PACKAGE_STRING "Arm_Simulator 1.4"
| #define PACKAGE_BUGREPORT "Guillaume.Huard@imag.fr"
| #define PACKAGE_URL ""
| #define PACKAGE "arm_simulator"
| #define VERSION "1.4"
| #define STDC_HEADERS 1
| #define HAVE_SYS_WAIT_H 1
| #define HAVE_SYS_TYPES_H 1
| #define HAVE_SYS_STAT_H 1
| #define HAVE_STDLIB_H 1
| #define HAVE_STRING_H 1
| #define HAVE_MEMORY_H 1
| #define HAVE_STRINGS_H 1
| #define HAVE_INTTYPES_H 1
| #define HAVE_STDINT_H 1
| #define HAVE_UNISTD_H 1
| #define HAVE_ARPA_INET_H 1
| #define HAVE_FCNTL_H 1
| #define HAVE_INTTYPES_H 1
| #define HAVE_NETDB_H 1
| #define HAVE_NETINET_IN_H 1
| #define HAVE_STDLIB_H 1
| #define HAVE_STRING_H 1
| #define HAVE_STRINGS_H 1
| #define HAVE_SYS_SOCKET_H 1
| #define HAVE_SYS_TIME_H 1
| #define HAVE_UNISTD_H 1
| /* end confdefs.h.  */
| #include <stdio.h>
| #ifdef HAVE_SYS_TYPES_H
| # include <sys/types.h>
| #endif
| #ifdef HAVE_SYS_STAT_H
| # include <sys/stat.h>
| #endif
| #ifdef STDC_HEADERS
| # include <stdlib.h>
| # include <stddef.h>
| #else
| # ifdef HAVE_STDLIB_H
| #  include <stdlib.h>
| # endif
| #endif
| #ifdef HAVE_STRING_H
| # if !defined STDC_HEADERS && defined HAVE_MEMORY_H
| #  include <memory.h>
| # endif
| # include <string.h>
| #endif
| #ifdef HAVE_STRINGS_H
| # include <strings.h>
| #endif
| #ifdef HAVE_INTTYPES_H
| # include <inttypes.h>
| #endif
| #ifdef HAVE_STDINT_H
| # include <stdint.h>
| #endif
| #ifdef HAVE_UNISTD_H
| # include <unistd.h>
| #endif
| int
| main ()
| {
| if (sizeof ((ssize_t)))
| 	    return 0;
|   ;
|   return 0;
| }
configure:4863: result: yes
configure:4874: checking for int8_t
configure:4874: gcc -c -g -O2  conftest.c >&5
configure:4874: $? = 0
configure:4874: gcc -c -g -O2  conftest.c >&5
conftest.c: In function 'main':
conftest.c:70:12: error: size of array 'test_array' is negative
 static int test_array [1 - 2 * !((int8_t) (((((int8_t) 1 << N) << N) - 1) * 2 + 1)
            ^~~~~~~~~~
configure:4874: $? = 1
configure: failed program was:
| /* confdefs.h */
| #define PACKAGE_NAME "Arm_Simulator"
| #define PACKAGE_TARNAME "arm_simulator"
| #define PACKAGE_VERSION "1.4"
| #define PACKAGE_STRING "Arm_Simulator 1.4"
| #define PACKAGE_BUGREPORT "Guillaume.Huard@imag.fr"
| #define PACKAGE_URL ""
| #define PACKAGE "arm_simulator"
| #define VERSION "1.4"
| #define STDC_HEADERS 1
| #define HAVE_SYS_WAIT_H 1
| #define HAVE_SYS_TYPES_H 1
| #define HAVE_SYS_STAT_H 1
| #define HAVE_STDLIB_H 1
| #define HAVE_STRING_H 1
| #define HAVE_MEMORY_H 1
| #define HAVE_STRINGS_H 1
| #define HAVE_INTTYPES_H 1
| #define HAVE_STDINT_H 1
| #define HAVE_UNISTD_H 1
| #define HAVE_ARPA_INET_H 1
| #define HAVE_FCNTL_H 1
| #define HAVE_INTTYPES_H 1
| #define HAVE_NETDB_H 1
| #define HAVE_NETINET_IN_H 1
| #define HAVE_STDLIB_H 1
| #define HAVE_STRING_H 1
| #define HAVE_STRINGS_H 1
| #define HAVE_SYS_SOCKET_H 1
| #define HAVE_SYS_TIME_H 1
| #define HAVE_UNISTD_H 1
| /* end confdefs.h.  */
| #include <stdio.h>
| #ifdef HAVE_SYS_TYPES_H
| # include <sys/types.h>
| #endif
| #ifdef HAVE_SYS_STAT_H
| # include <sys/stat.h>
| #endif
| #ifdef STDC_HEADERS
| # include <stdlib.h>
| # include <stddef.h>
| #else
| # ifdef HAVE_STDLIB_H
| #  include <stdlib.h>
| # endif
| #endif
| #ifdef HAVE_STRING_H
| # if !defined STDC_HEADERS && defined HAVE_MEMORY_H
| #  include <memory.h>
| # endif
| # include <string.h>
| #endif
| #ifdef HAVE_STRINGS_H
| # include <strings.h>
| #endif
| #ifdef HAVE_INTTYPES_H
| # include <inttypes.h>
| #endif
| #ifdef HAVE_STDINT_H
| # include <stdint.h>
| #endif
| #ifdef HAVE_UNISTD_H
| # include <unistd.h>
| #endif
| 	        enum { N = 8 / 2 - 1 };
| int
| main ()
| {
| static int test_array [1 - 2 * !((int8_t) (((((int8_t) 1 << N) << N) - 1) * 2 + 1)
| 		 < (int8_t) (((((int8_t) 1 << N) << N) - 1) * 2 + 2))];
| test_array [0] = 0;
| return test_array [0];
| 
|   ;
|   return 0;
| }
configure:4874: result: yes
configure:4885: checking for int16_t
configure:4885: gcc -c -g -O2  conftest.c >&5
configure:4885: $? = 0
configure:4885: gcc -c -g -O2  conftest.c >&5
conftest.c: In function 'main':
conftest.c:70:12: error: size of array 'test_array' is negative
 static int test_array [1 - 2 * !((int16_t) (((((int16_t) 1 << N) << N) - 1) * 2 + 1)
            ^~~~~~~~~~
configure:4885: $? = 1
configure: failed program was:
| /* confdefs.h */
| #define PACKAGE_NAME "Arm_Simulator"
| #define PACKAGE_TARNAME "arm_simulator"
| #define PACKAGE_VERSION "1.4"
| #define PACKAGE_STRING "Arm_Simulator 1.4"
| #define PACKAGE_BUGREPORT "Guillaume.Huard@imag.fr"
| #define PACKAGE_URL ""
| #define PACKAGE "arm_simulator"
| #define VERSION "1.4"
| #define STDC_HEADERS 1
| #define HAVE_SYS_WAIT_H 1
| #define HAVE_SYS_TYPES_H 1
| #define HAVE_SYS_STAT_H 1
| #define HAVE_STDLIB_H 1
| #define HAVE_STRING_H 1
| #define HAVE_MEMORY_H 1
| #define HAVE_STRINGS_H 1
| #define HAVE_INTTYPES_H 1
| #define HAVE_STDINT_H 1
| #define HAVE_UNISTD_H 1
| #define HAVE_ARPA_INET_H 1
| #define HAVE_FCNTL_H 1
| #define HAVE_INTTYPES_H 1
| #define HAVE_NETDB_H 1
| #define HAVE_NETINET_IN_H 1
| #define HAVE_STDLIB_H 1
| #define HAVE_STRING_H 1
| #define HAVE_STRINGS_H 1
| #define HAVE_SYS_SOCKET_H 1
| #define HAVE_SYS_TIME_H 1
| #define HAVE_UNISTD_H 1
| /* end confdefs.h.  */
| #include <stdio.h>
| #ifdef HAVE_SYS_TYPES_H
| # include <sys/types.h>
| #endif
| #ifdef HAVE_SYS_STAT_H
| # include <sys/stat.h>
| #endif
| #ifdef STDC_HEADERS
| # include <stdlib.h>
| # include <stddef.h>
| #else
| # ifdef HAVE_STDLIB_H
| #  include <stdlib.h>
| # endif
| #endif
| #ifdef HAVE_STRING_H
| # if !defined STDC_HEADERS && defined HAVE_MEMORY_H
| #  include <memory.h>
| # endif
| # include <string.h>
| #endif
| #ifdef HAVE_STRINGS_H
| # include <strings.h>
| #endif
| #ifdef HAVE_INTTYPES_H
| # include <inttypes.h>
| #endif
| #ifdef HAVE_STDINT_H
| # include <stdint.h>
| #endif
| #ifdef HAVE_UNISTD_H
| # include <unistd.h>
| #endif
| 	        enum { N = 16 / 2 - 1 };
| int
| main ()
| {
| static int test_array [1 - 2 * !((int16_t) (((((int16_t) 1 << N) << N) - 1) * 2 + 1)
| 		 < (int16_t) (((((int16_t) 1 << N) << N) - 1) * 2 + 2))];
| test_array [0] = 0;
| return test_array [0];
| 
|   ;
|   return 0;
| }
configure:4885: result: yes
configure:4896: checking for int32_t
configure:4896: gcc -c -g -O2  conftest.c >&5
configure:4896: $? = 0
configure:4896: gcc -c -g -O2  conftest.c >&5
conftest.c: In function 'main':
conftest.c:71:53: warning: integer overflow in expression of type 'int' results in '-2147483648' [-Woverflow]
    < (int32_t) (((((int32_t) 1 << N) << N) - 1) * 2 + 2))];
                                                     ^
conftest.c:70:12: error: storage size of 'test_array' isn't constant
 static int test_array [1 - 2 * !((int32_t) (((((int32_t) 1 << N) << N) - 1) * 2 + 1)
            ^~~~~~~~~~
configure:4896: $? = 1
configure: failed program was:
| /* confdefs.h */
| #define PACKAGE_NAME "Arm_Simulator"
| #define PACKAGE_TARNAME "arm_simulator"
| #define PACKAGE_VERSION "1.4"
| #define PACKAGE_STRING "Arm_Simulator 1.4"
| #define PACKAGE_BUGREPORT "Guillaume.Huard@imag.fr"
| #define PACKAGE_URL ""
| #define PACKAGE "arm_simulator"
| #define VERSION "1.4"
| #define STDC_HEADERS 1
| #define HAVE_SYS_WAIT_H 1
| #define HAVE_SYS_TYPES_H 1
| #define HAVE_SYS_STAT_H 1
| #define HAVE_STDLIB_H 1
| #define HAVE_STRING_H 1
| #define HAVE_MEMORY_H 1
| #define HAVE_STRINGS_H 1
| #define HAVE_INTTYPES_H 1
| #define HAVE_STDINT_H 1
| #define HAVE_UNISTD_H 1
| #define HAVE_ARPA_INET_H 1
| #define HAVE_FCNTL_H 1
| #define HAVE_INTTYPES_H 1
| #define HAVE_NETDB_H 1
| #define HAVE_NETINET_IN_H 1
| #define HAVE_STDLIB_H 1
| #define HAVE_STRING_H 1
| #define HAVE_STRINGS_H 1
| #define HAVE_SYS_SOCKET_H 1
| #define HAVE_SYS_TIME_H 1
| #define HAVE_UNISTD_H 1
| /* end confdefs.h.  */
| #include <stdio.h>
| #ifdef HAVE_SYS_TYPES_H
| # include <sys/types.h>
| #endif
| #ifdef HAVE_SYS_STAT_H
| # include <sys/stat.h>
| #endif
| #ifdef STDC_HEADERS
| # include <stdlib.h>
| # include <stddef.h>
| #else
| # ifdef HAVE_STDLIB_H
| #  include <stdlib.h>
| # endif
| #endif
| #ifdef HAVE_STRING_H
| # if !defined STDC_HEADERS && defined HAVE_MEMORY_H
| #  include <memory.h>
| # endif
| # include <string.h>
| #endif
| #ifdef HAVE_STRINGS_H
| # include <strings.h>
| #endif
| #ifdef HAVE_INTTYPES_H
| # include <inttypes.h>
| #endif
| #ifdef HAVE_STDINT_H
| # include <stdint.h>
| #endif
| #ifdef HAVE_UNISTD_H
| # include <unistd.h>
| #endif
| 	        enum { N = 32 / 2 - 1 };
| int
| main ()
| {
| static int test_array [1 - 2 * !((int32_t) (((((int32_t) 1 << N) << N) - 1) * 2 + 1)
| 		 < (int32_t) (((((int32_t) 1 << N) << N) - 1) * 2 + 2))];
| test_array [0] = 0;
| return test_array [0];
| 
|   ;
|   return 0;
| }
configure:4896: result: yes
configure:4907: checking for uint8_t
configure:4907: gcc -c -g -O2  conftest.c >&5
configure:4907: $? = 0
configure:4907: result: yes
configure:4921: checking for uint16_t
configure:4921: gcc -c -g -O2  conftest.c >&5
configure:4921: $? = 0
configure:4921: result: yes
configure:4933: checking for uint32_t
configure:4933: gcc -c -g -O2  conftest.c >&5
configure:4933: $? = 0
configure:4933: result: yes
configure:4947: checking whether time.h and sys/time.h may both be included
configure:4967: gcc -c -g -O2  conftest.c >&5
configure:4967: $? = 0
configure:4974: result: yes
configure:4986: checking vfork.h usability
configure:4986: gcc -c -g -O2  conftest.c >&5
conftest.c:67:10: fatal error: vfork.h: No such file or directory
 #include <vfork.h>
          ^~~~~~~~~
compilation terminated.
configure:4986: $? = 1
configure: failed program was:
| /* confdefs.h */
| #define PACKAGE_NAME "Arm_Simulator"
| #define PACKAGE_TARNAME "arm_simulator"
| #define PACKAGE_VERSION "1.4"
| #define PACKAGE_STRING "Arm_Simulator 1.4"
| #define PACKAGE_BUGREPORT "Guillaume.Huard@imag.fr"
| #define PACKAGE_URL ""
| #define PACKAGE "arm_simulator"
| #define VERSION "1.4"
| #define STDC_HEADERS 1
| #define HAVE_SYS_WAIT_H 1
| #define HAVE_SYS_TYPES_H 1
| #define HAVE_SYS_STAT_H 1
| #define HAVE_STDLIB_H 1
| #define HAVE_STRING_H 1
| #define HAVE_MEMORY_H 1
| #define HAVE_STRINGS_H 1
| #define HAVE_INTTYPES_H 1
| #define HAVE_STDINT_H 1
| #define HAVE_UNISTD_H 1
| #define HAVE_ARPA_INET_H 1
| #define HAVE_FCNTL_H 1
| #define HAVE_INTTYPES_H 1
| #define HAVE_NETDB_H 1
| #define HAVE_NETINET_IN_H 1
| #define HAVE_STDLIB_H 1
| #define HAVE_STRING_H 1
| #define HAVE_STRINGS_H 1
| #define HAVE_SYS_SOCKET_H 1
| #define HAVE_SYS_TIME_H 1
| #define HAVE_UNISTD_H 1
| #define TIME_WITH_SYS_TIME 1
| /* end confdefs.h.  */
| #include <stdio.h>
| #ifdef HAVE_SYS_TYPES_H
| # include <sys/types.h>
| #endif
| #ifdef HAVE_SYS_STAT_H
| # include <sys/stat.h>
| #endif
| #ifdef STDC_HEADERS
| # include <stdlib.h>
| # include <stddef.h>
| #else
| # ifdef HAVE_STDLIB_H
| #  include <stdlib.h>
| # endif
| #endif
| #ifdef HAVE_STRING_H
| # if !defined STDC_HEADERS && defined HAVE_MEMORY_H
| #  include <memory.h>
| # endif
| # include <string.h>
| #endif
| #ifdef HAVE_STRINGS_H
| # include <strings.h>
| #endif
| #ifdef HAVE_INTTYPES_H
| # include <inttypes.h>
| #endif
| #ifdef HAVE_STDINT_H
| # include <stdint.h>
| #endif
| #ifdef HAVE_UNISTD_H
| # include <unistd.h>
| #endif
| #include <vfork.h>
configure:4986: result: no
configure:4986: checking vfork.h presence
configure:4986: gcc -E  conftest.c
conftest.c:34:10: fatal error: vfork.h: No such file or directory
 #include <vfork.h>
          ^~~~~~~~~
compilation terminated.
configure:4986: $? = 1
configure: failed program was:
| /* confdefs.h */
| #define PACKAGE_NAME "Arm_Simulator"
| #define PACKAGE_TARNAME "arm_simulator"
| #define PACKAGE_VERSION "1.4"
| #define PACKAGE_STRING "Arm_Simulator 1.4"
| #define PACKAGE_BUGREPORT "Guillaume.Huard@imag.fr"
| #define PACKAGE_URL ""
| #define PACKAGE "arm_simulator"
| #define VERSION "1.4"
| #define STDC_HEADERS 1
| #define HAVE_SYS_WAIT_H 1
| #define HAVE_SYS_TYPES_H 1
| #define HAVE_SYS_STAT_H 1
| #define HAVE_STDLIB_H 1
| #define HAVE_STRING_H 1
| #define HAVE_MEMORY_H 1
| #define HAVE_STRINGS_H 1
| #define HAVE_INTTYPES_H 1
| #define HAVE_STDINT_H 1
| #define HAVE_UNISTD_H 1
| #define HAVE_ARPA_INET_H 1
| #define HAVE_FCNTL_H 1
| #define HAVE_INTTYPES_H 1
| #define HAVE_NETDB_H 1
| #define HAVE_NETINET_IN_H 1
| #define HAVE_STDLIB_H 1
| #define HAVE_STRING_H 1
| #define HAVE_STRINGS_H 1
| #define HAVE_SYS_SOCKET_H 1
| #define HAVE_SYS_TIME_H 1
| #define HAVE_UNISTD_H 1
| #define TIME_WITH_SYS_TIME 1
| /* end confdefs.h.  */
| #include <vfork.h>
configure:4986: result: no
configure:4986: checking for vfork.h
configure:4986: result: no
configure:4999: checking for fork
configure:4999: gcc -o conftest -g -O2   conftest.c  >&5
conftest.c:57:6: warning: conflicting types for built-in function 'fork' [-Wbuiltin-declaration-mismatch]
 char fork ();
      ^~~~
configure:4999: $? = 0
configure:4999: result: yes
configure:4999: checking for vfork
configure:4999: gcc -o conftest -g -O2   conftest.c  >&5
configure:4999: $? = 0
configure:4999: result: yes
configure:5009: checking for working fork
configure:5031: gcc -o conftest -g -O2   conftest.c  >&5
configure:5031: $? = 0
configure:5031: ./conftest
configure:5031: $? = 0
configure:5041: result: yes
configure:5062: checking for working vfork
configure:5172: result: yes
configure:5197: checking whether getpgrp requires zero arguments
configure:5214: gcc -c -g -O2  conftest.c >&5
conftest.c: In function 'main':
conftest.c:74:1: error: too many arguments to function 'getpgrp'
 getpgrp (0);
 ^~~~~~~
In file included from conftest.c:69:
/usr/include/unistd.h:634:16: note: declared here
 extern __pid_t getpgrp (void) __THROW;
                ^~~~~~~
configure:5214: $? = 1
configure: failed program was:
| /* confdefs.h */
| #define PACKAGE_NAME "Arm_Simulator"
| #define PACKAGE_TARNAME "arm_simulator"
| #define PACKAGE_VERSION "1.4"
| #define PACKAGE_STRING "Arm_Simulator 1.4"
| #define PACKAGE_BUGREPORT "Guillaume.Huard@imag.fr"
| #define PACKAGE_URL ""
| #define PACKAGE "arm_simulator"
| #define VERSION "1.4"
| #define STDC_HEADERS 1
| #define HAVE_SYS_WAIT_H 1
| #define HAVE_SYS_TYPES_H 1
| #define HAVE_SYS_STAT_H 1
| #define HAVE_STDLIB_H 1
| #define HAVE_STRING_H 1
| #define HAVE_MEMORY_H 1
| #define HAVE_STRINGS_H 1
| #define HAVE_INTTYPES_H 1
| #define HAVE_STDINT_H 1
| #define HAVE_UNISTD_H 1
| #define HAVE_ARPA_INET_H 1
| #define HAVE_FCNTL_H 1
| #define HAVE_INTTYPES_H 1
| #define HAVE_NETDB_H 1
| #define HAVE_NETINET_IN_H 1
| #define HAVE_STDLIB_H 1
| #define HAVE_STRING_H 1
| #define HAVE_STRINGS_H 1
| #define HAVE_SYS_SOCKET_H 1
| #define HAVE_SYS_TIME_H 1
| #define HAVE_UNISTD_H 1
| #define TIME_WITH_SYS_TIME 1
| #define HAVE_FORK 1
| #define HAVE_VFORK 1
| #define HAVE_WORKING_VFORK 1
| #define HAVE_WORKING_FORK 1
| /* end confdefs.h.  */
| #include <stdio.h>
| #ifdef HAVE_SYS_TYPES_H
| # include <sys/types.h>
| #endif
| #ifdef HAVE_SYS_STAT_H
| # include <sys/stat.h>
| #endif
| #ifdef STDC_HEADERS
| # include <stdlib.h>
| # include <stddef.h>
| #else
| # ifdef HAVE_STDLIB_H
| #  include <stdlib.h>
| # endif
| #endif
| #ifdef HAVE_STRING_H
| # if !defined STDC_HEADERS && defined HAVE_MEMORY_H
| #  include <memory.h>
| # endif
| # include <string.h>
| #endif
| #ifdef HAVE_STRINGS_H
| # include <strings.h>
| #endif
| #ifdef HAVE_INTTYPES_H
| # include <inttypes.h>
| #endif
| #ifdef HAVE_STDINT_H
| # include <stdint.h>
| #endif
| #ifdef HAVE_UNISTD_H
| # include <unistd.h>
| #endif
| int
| main ()
| {
| getpgrp (0);
|   ;
|   return 0;
| }
configure:5222: result: yes
configure:5232: checking for stdlib.h
configure:5232: result: yes
configure:5242: checking for GNU libc compatible malloc
configure:5266: gcc -o conftest -g -O2   conftest.c  >&5
configure:5266: $? = 0
configure:5266: ./conftest
configure:5266: $? = 0
configure:5276: result: yes
configure:5303: checking for stdlib.h
configure:5303: result: yes
configure:5303: checking for unistd.h
configure:5303: result: yes
configure:5303: checking for sys/param.h
configure:5303: gcc -c -g -O2  conftest.c >&5
configure:5303: $? = 0
configure:5303: result: yes
configure:5323: checking for getpagesize
configure:5323: gcc -o conftest -g -O2   conftest.c  >&5
configure:5323: $? = 0
configure:5323: result: yes
configure:5332: checking for working mmap
configure:5481: gcc -o conftest -g -O2   conftest.c  >&5
configure:5481: $? = 0
configure:5481: ./conftest
configure:5481: $? = 0
configure:5491: result: yes
configure:5502: checking for stdlib.h
configure:5502: result: yes
configure:5512: checking for GNU libc compatible realloc
configure:5536: gcc -o conftest -g -O2   conftest.c  >&5
configure:5536: $? = 0
configure:5536: ./conftest
configure:5536: $? = 0
configure:5546: result: yes
configure:5570: checking sys/select.h usability
configure:5570: gcc -c -g -O2  conftest.c >&5
configure:5570: $? = 0
configure:5570: result: yes
configure:5570: checking sys/select.h presence
configure:5570: gcc -E  conftest.c
configure:5570: $? = 0
configure:5570: result: yes
configure:5570: checking for sys/select.h
configure:5570: result: yes
configure:5570: checking for sys/socket.h
configure:5570: result: yes
configure:5580: checking types of arguments for select
configure:5608: gcc -c -g -O2  conftest.c >&5
configure:5608: $? = 0
configure:5619: result: int,fd_set *,struct timeval *
configure:5642: checking whether lstat correctly handles trailing slash
configure:5668: gcc -o conftest -g -O2   conftest.c  >&5
configure:5668: $? = 0
configure:5668: ./conftest
configure:5668: $? = 0
configure:5685: result: yes
configure:5704: checking whether stat accepts an empty string
configure:5724: gcc -o conftest -g -O2   conftest.c  >&5
configure:5724: $? = 0
configure:5724: ./conftest
configure:5724: $? = 0
configure:5734: result: no
configure:5753: checking for alarm
configure:5753: gcc -o conftest -g -O2   conftest.c  >&5
configure:5753: $? = 0
configure:5753: result: yes
configure:5753: checking for bzero
configure:5753: gcc -o conftest -g -O2   conftest.c  >&5
conftest.c:78:6: warning: conflicting types for built-in function 'bzero' [-Wbuiltin-declaration-mismatch]
 char bzero ();
      ^~~~~
configure:5753: $? = 0
configure:5753: result: yes
configure:5753: checking for dup2
configure:5753: gcc -o conftest -g -O2   conftest.c  >&5
configure:5753: $? = 0
configure:5753: result: yes
configure:5753: checking for gethostbyaddr
configure:5753: gcc -o conftest -g -O2   conftest.c  >&5
configure:5753: $? = 0
configure:5753: result: yes
configure:5753: checking for gethostbyname
configure:5753: gcc -o conftest -g -O2   conftest.c  >&5
configure:5753: $? = 0
configure:5753: result: yes
configure:5753: checking for memset
configure:5753: gcc -o conftest -g -O2   conftest.c  >&5
conftest.c:82:6: warning: conflicting types for built-in function 'memset' [-Wbuiltin-declaration-mismatch]
 char memset ();
      ^~~~~~
configure:5753: $? = 0
configure:5753: result: yes
configure:5753: checking for munmap
configure:5753: gcc -o conftest -g -O2   conftest.c  >&5
configure:5753: $? = 0
configure:5753: result: yes
configure:5753: checking for select
configure:5753: gcc -o conftest -g -O2   conftest.c  >&5
configure:5753: $? = 0
configure:5753: result: yes
configure:5753: checking for socket
configure:5753: gcc -o conftest -g -O2   conftest.c  >&5
configure:5753: $? = 0
configure:5753: result: yes
configure:5753: checking for strerror
configure:5753: gcc -o conftest -g -O2   conftest.c  >&5
configure:5753: $? = 0
configure:5753: result: yes
configure:5780: checking for arm-elf-gcc
configure:5810: result: no
configure:5780: checking for arm-linux-gnueabi-gcc
configure:5810: result: no
configure:5780: checking for arm-none-eabi-gcc
configure:5796: found /usr/bin/arm-none-eabi-gcc
configure:5807: result: arm-none-eabi-gcc
configure:5843: enabling the Examples directory with arm-none-eabi cross-compiler target
configure:5960: checking that generated files are newer than configure
configure:5966: result: done
configure:5997: creating ./config.status

## ---------------------- ##
## Running config.status. ##
## ---------------------- ##

This file was extended by Arm_Simulator config.status 1.4, which was
generated by GNU Autoconf 2.69.  Invocation command line was

  CONFIG_FILES    = 
  CONFIG_HEADERS  = 
  CONFIG_LINKS    = 
  CONFIG_COMMANDS = 
  $ ./config.status 

on sevaarrinera

config.status:904: creating Examples/Makefile
config.status:904: creating Makefile
config.status:904: creating config.h
config.status:1133: executing depfiles commands
config.status:1210: cd Examples       && sed -e '/# am--include-marker/d' Makefile         | make -f - am--depfiles
config.status:1215: $? = 0
config.status:1210: cd .       && sed -e '/# am--include-marker/d' Makefile         | make -f - am--depfiles
config.status:1215: $? = 0

## ---------------- ##
## Cache variables. ##
## ---------------- ##

ac_cv_c_compiler_gnu=yes
ac_cv_c_const=yes
ac_cv_c_int16_t=yes
ac_cv_c_int32_t=yes
ac_cv_c_int8_t=yes
ac_cv_c_uint16_t=yes
ac_cv_c_uint32_t=yes
ac_cv_c_uint8_t=yes
ac_cv_env_CCASFLAGS_set=
ac_cv_env_CCASFLAGS_value=
ac_cv_env_CCAS_set=
ac_cv_env_CCAS_value=
ac_cv_env_CC_set=
ac_cv_env_CC_value=
ac_cv_env_CFLAGS_set=
ac_cv_env_CFLAGS_value=
ac_cv_env_CPPFLAGS_set=
ac_cv_env_CPPFLAGS_value=
ac_cv_env_CPP_set=
ac_cv_env_CPP_value=
ac_cv_env_LDFLAGS_set=
ac_cv_env_LDFLAGS_value=
ac_cv_env_LIBS_set=
ac_cv_env_LIBS_value=
ac_cv_env_build_alias_set=
ac_cv_env_build_alias_value=
ac_cv_env_host_alias_set=
ac_cv_env_host_alias_value=
ac_cv_env_target_alias_set=
ac_cv_env_target_alias_value=
ac_cv_func_alarm=yes
ac_cv_func_bzero=yes
ac_cv_func_dup2=yes
ac_cv_func_fork=yes
ac_cv_func_fork_works=yes
ac_cv_func_gethostbyaddr=yes
ac_cv_func_gethostbyname=yes
ac_cv_func_getpagesize=yes
ac_cv_func_getpgrp_void=yes
ac_cv_func_lstat_dereferences_slashed_symlink=yes
ac_cv_func_malloc_0_nonnull=yes
ac_cv_func_memset=yes
ac_cv_func_mmap_fixed_mapped=yes
ac_cv_func_munmap=yes
ac_cv_func_realloc_0_nonnull=yes
ac_cv_func_select=yes
ac_cv_func_select_args='int,fd_set *,struct timeval *'
ac_cv_func_socket=yes
ac_cv_func_stat_empty_string_bug=no
ac_cv_func_strerror=yes
ac_cv_func_vfork=yes
ac_cv_func_vfork_works=yes
ac_cv_header_arpa_inet_h=yes
ac_cv_header_fcntl_h=yes
ac_cv_header_inttypes_h=yes
ac_cv_header_memory_h=yes
ac_cv_header_netdb_h=yes
ac_cv_header_netinet_in_h=yes
ac_cv_header_stdc=yes
ac_cv_header_stdint_h=yes
ac_cv_header_stdlib_h=yes
ac_cv_header_string_h=yes
ac_cv_header_strings_h=yes
ac_cv_header_sys_param_h=yes
ac_cv_header_sys_select_h=yes
ac_cv_header_sys_socket_h=yes
ac_cv_header_sys_stat_h=yes
ac_cv_header_sys_time_h=yes
ac_cv_header_sys_types_h=yes
ac_cv_header_sys_wait_h=yes
ac_cv_header_time=yes
ac_cv_header_unistd_h=yes
ac_cv_header_vfork_h=no
ac_cv_objext=o
ac_cv_path_EGREP='/usr/bin/grep -E'
ac_cv_path_GREP=/usr/bin/grep
ac_cv_path_install='/usr/bin/install -c'
ac_cv_path_mkdir=/usr/bin/mkdir
ac_cv_prog_AWK=gawk
ac_cv_prog_CPP='gcc -E'
ac_cv_prog_GCC_CROSS=arm-none-eabi-gcc
ac_cv_prog_ac_ct_CC=gcc
ac_cv_prog_cc_c89=
ac_cv_prog_cc_g=yes
ac_cv_prog_make_make_set=yes
ac_cv_type_mode_t=yes
ac_cv_type_off_t=yes
ac_cv_type_pid_t=yes
ac_cv_type_size_t=yes
ac_cv_type_ssize_t=yes
am_cv_CCAS_dependencies_compiler_type=gcc3
am_cv_CC_dependencies_compiler_type=gcc3
am_cv_make_support_nested_variables=yes
am_cv_prog_cc_c_o=yes

## ----------------- ##
## Output variables. ##
## ----------------- ##

ACLOCAL='${SHELL} /home/sevaarrinera/Study/Projet_S5_Git/Projet_S5_PROG/build-aux/missing aclocal-1.16'
AMDEPBACKSLASH='\'
AMDEP_FALSE='#'
AMDEP_TRUE=''
AMTAR='$${TAR-tar}'
AM_BACKSLASH='\'
AM_DEFAULT_V='$(AM_DEFAULT_VERBOSITY)'
AM_DEFAULT_VERBOSITY='1'
AM_V='$(V)'
AUTOCONF='${SHELL} /home/sevaarrinera/Study/Projet_S5_Git/Projet_S5_PROG/build-aux/missing autoconf'
AUTOHEADER='${SHELL} /home/sevaarrinera/Study/Projet_S5_Git/Projet_S5_PROG/build-aux/missing autoheader'
AUTOMAKE='${SHELL} /home/sevaarrinera/Study/Projet_S5_Git/Projet_S5_PROG/build-aux/missing automake-1.16'
AWK='gawk'
CC='gcc'
CCAS='gcc'
CCASDEPMODE='depmode=gcc3'
CCASFLAGS='-g -O2'
CCDEPMODE='depmode=gcc3'
CFLAGS='-g -O2'
CPP='gcc -E'
CPPFLAGS=''
CYGPATH_W='echo'
DEFS='-DHAVE_CONFIG_H'
DEPDIR='.deps'
ECHO_C=''
ECHO_N='-n'
ECHO_T=''
EGREP='/usr/bin/grep -E'
EXEEXT=''
GCC_CROSS='arm-none-eabi-gcc'
GREP='/usr/bin/grep'
HAVE_ARM_COMPILER_FALSE='#'
HAVE_ARM_COMPILER_TRUE=''
INSTALL_DATA='${INSTALL} -m 644'
INSTALL_PROGRAM='${INSTALL}'
INSTALL_SCRIPT='${INSTALL}'
INSTALL_STRIP_PROGRAM='$(install_sh) -c -s'
LDFLAGS=''
LEX='${SHELL} /home/sevaarrinera/Study/Projet_S5_Git/Projet_S5_PROG/build-aux/missing flex'
LEXLIB=''
LEX_OUTPUT_ROOT=''
LIBOBJS=''
LIBS=''
LTLIBOBJS=''
MAKEINFO='${SHELL} /home/sevaarrinera/Study/Projet_S5_Git/Projet_S5_PROG/build-aux/missing makeinfo'
MKDIR_P='/usr/bin/mkdir -p'
OBJEXT='o'
PACKAGE='arm_simulator'
PACKAGE_BUGREPORT='Guillaume.Huard@imag.fr'
PACKAGE_NAME='Arm_Simulator'
PACKAGE_STRING='Arm_Simulator 1.4'
PACKAGE_TARNAME='arm_simulator'
PACKAGE_URL=''
PACKAGE_VERSION='1.4'
PATH_SEPARATOR=':'
SET_MAKE=''
SHELL='/bin/bash'
STRIP=''
VERSION='1.4'
ac_ct_CC='gcc'
am__EXEEXT_FALSE=''
am__EXEEXT_TRUE='#'
am__fastdepCCAS_FALSE='#'
am__fastdepCCAS_TRUE=''
am__fastdepCC_FALSE='#'
am__fastdepCC_TRUE=''
am__include='include'
am__isrc=''
am__leading_dot='.'
am__nodep='_no'
am__quote=''
am__tar='$${TAR-tar} chof - "$$tardir"'
am__untar='$${TAR-tar} xf -'
bindir='${exec_prefix}/bin'
build_alias=''
datadir='${datarootdir}'
datarootdir='${prefix}/share'
docdir='${datarootdir}/doc/${PACKAGE_TARNAME}'
dvidir='${docdir}'
exec_prefix='${prefix}'
host_alias=''
htmldir='${docdir}'
includedir='${prefix}/include'
infodir='${datarootdir}/info'
install_sh='${SHELL} /home/sevaarrinera/Study/Projet_S5_Git/Projet_S5_PROG/build-aux/install-sh'
libdir='${exec_prefix}/lib'
libexecdir='${exec_prefix}/libexec'
localedir='${datarootdir}/locale'
localstatedir='${prefix}/var'
mandir='${datarootdir}/man'
mkdir_p='$(MKDIR_P)'
oldincludedir='/usr/include'
pdfdir='${docdir}'
prefix='/usr/local'
program_transform_name='s,x,x,'
psdir='${docdir}'
runstatedir='${localstatedir}/run'
sbindir='${exec_prefix}/sbin'
sharedstatedir='${prefix}/com'
sysconfdir='${prefix}/etc'
target_alias=''

## ----------- ##
## confdefs.h. ##
## ----------- ##

/* confdefs.h */
#define PACKAGE_NAME "Arm_Simulator"
#define PACKAGE_TARNAME "arm_simulator"
#define PACKAGE_VERSION "1.4"
#define PACKAGE_STRING "Arm_Simulator 1.4"
#define PACKAGE_BUGREPORT "Guillaume.Huard@imag.fr"
#define PACKAGE_URL ""
#define PACKAGE "arm_simulator"
#define VERSION "1.4"
#define STDC_HEADERS 1
#define HAVE_SYS_WAIT_H 1
#define HAVE_SYS_TYPES_H 1
#define HAVE_SYS_STAT_H 1
#define HAVE_STDLIB_H 1
#define HAVE_STRING_H 1
#define HAVE_MEMORY_H 1
#define HAVE_STRINGS_H 1
#define HAVE_INTTYPES_H 1
#define HAVE_STDINT_H 1
#define HAVE_UNISTD_H 1
#define HAVE_ARPA_INET_H 1
#define HAVE_FCNTL_H 1
#define HAVE_INTTYPES_H 1
#define HAVE_NETDB_H 1
#define HAVE_NETINET_IN_H 1
#define HAVE_STDLIB_H 1
#define HAVE_STRING_H 1
#define HAVE_STRINGS_H 1
#define HAVE_SYS_SOCKET_H 1
#define HAVE_SYS_TIME_H 1
#define HAVE_UNISTD_H 1
#define TIME_WITH_SYS_TIME 1
#define HAVE_FORK 1
#define HAVE_VFORK 1
#define HAVE_WORKING_VFORK 1
#define HAVE_WORKING_FORK 1
#define GETPGRP_VOID 1
#define HAVE_STDLIB_H 1
#define HAVE_MALLOC 1
#define HAVE_STDLIB_H 1
#define HAVE_UNISTD_H 1
#define HAVE_SYS_PARAM_H 1
#define HAVE_GETPAGESIZE 1
#define HAVE_MMAP 1
#define HAVE_STDLIB_H 1
#define HAVE_REALLOC 1
#define HAVE_SYS_SELECT_H 1
#define HAVE_SYS_SOCKET_H 1
#define SELECT_TYPE_ARG1 int
#define SELECT_TYPE_ARG234 (fd_set *)
#define SELECT_TYPE_ARG5 (struct timeval *)
#define LSTAT_FOLLOWS_SLASHED_SYMLINK 1
#define HAVE_ALARM 1
#define HAVE_BZERO 1
#define HAVE_DUP2 1
#define HAVE_GETHOSTBYADDR 1
#define HAVE_GETHOSTBYNAME 1
#define HAVE_MEMSET 1
#define HAVE_MUNMAP 1
#define HAVE_SELECT 1
#define HAVE_SOCKET 1
#define HAVE_STRERROR 1

configure: exit 0

## ---------------------- ##
## Running config.status. ##
## ---------------------- ##

This file was extended by Arm_Simulator config.status 1.4, which was
generated by GNU Autoconf 2.69.  Invocation command line was

  CONFIG_FILES    = 
  CONFIG_HEADERS  = 
  CONFIG_LINKS    = 
  CONFIG_COMMANDS = 
  $ ./config.status Examples/Makefile depfiles

on sevaarrinera

config.status:904: creating Examples/Makefile
config.status:1133: executing depfiles commands
config.status:1210: cd Examples       && sed -e '/# am--include-marker/d' Makefile         | make -f - am--depfiles
make[3]: Entering directory '/home/sevaarrinera/Study/Projet_S5_Git/Projet_S5_PROG/Examples'
make[3]: Nothing to be done for 'am--depfiles'.
make[3]: Leaving directory '/home/sevaarrinera/Study/Projet_S5_Git/Projet_S5_PROG/Examples'
config.status:1215: $? = 0
